2026-01-10 10:26:05,988 - [EVENT_LOGGER] - INFO - [SYSTEM READY] Paper trading live with TradingView data
2026-01-10 10:26:05,999 - [EVENT_LOGGER] - INFO - [PAPER] Trade Executed: TRD_1768040765_NIFTY @ 24609.603057997258
2026-01-10 10:26:05,999 - [EVENT_LOGGER] - INFO - [PAPER] Trade Executed: TRD_1768040765_BANKNIFTY @ 23150.395820281818
2026-01-10 10:26:06,000 - [EVENT_LOGGER] - WARNING - Max active trades reached.
2026-01-10 10:26:08,004 - [EVENT_LOGGER] - WARNING - Max active trades reached.
2026-01-10 10:26:08,004 - [EVENT_LOGGER] - WARNING - Max active trades reached.
2026-01-10 10:26:10,019 - [EVENT_LOGGER] - WARNING - Max active trades reached.
2026-01-10 10:26:10,024 - [EVENT_LOGGER] - WARNING - Max active trades reached.
2026-01-10 10:26:12,039 - [EVENT_LOGGER] - WARNING - Max active trades reached.
2026-01-10 10:26:12,039 - [EVENT_LOGGER] - WARNING - Max active trades reached.
2026-01-10 10:26:14,044 - [EVENT_LOGGER] - WARNING - Max active trades reached.
2026-01-10 10:26:14,044 - [EVENT_LOGGER] - WARNING - Max active trades reached.
2026-01-10 10:26:14,046 - [EVENT_LOGGER] - WARNING - Max active trades reached.
2026-01-10 10:26:16,049 - [EVENT_LOGGER] - WARNING - Max active trades reached.
2026-01-10 10:26:16,049 - [EVENT_LOGGER] - WARNING - Max active trades reached.
2026-01-10 10:26:16,050 - [EVENT_LOGGER] - WARNING - Max active trades reached.
2026-01-10 10:26:18,061 - [EVENT_LOGGER] - WARNING - Max active trades reached.
2026-01-10 10:26:18,061 - [EVENT_LOGGER] - WARNING - Max active trades reached.
2026-01-10 10:26:18,062 - [EVENT_LOGGER] - WARNING - Max active trades reached.
2026-01-10 10:26:20,064 - [EVENT_LOGGER] - WARNING - Max active trades reached.
2026-01-10 10:26:20,065 - [EVENT_LOGGER] - WARNING - Max active trades reached.
2026-01-10 10:26:22,068 - [EVENT_LOGGER] - WARNING - Max active trades reached.
2026-01-10 10:26:22,068 - [EVENT_LOGGER] - WARNING - Max active trades reached.
2026-01-10 10:26:24,071 - [EVENT_LOGGER] - WARNING - Max active trades reached.
2026-01-10 10:26:24,071 - [EVENT_LOGGER] - WARNING - Max active trades reached.
2026-01-10 10:26:24,071 - [EVENT_LOGGER] - WARNING - Max active trades reached.
2026-01-10 10:26:26,074 - [EVENT_LOGGER] - WARNING - Max active trades reached.
2026-01-10 10:26:26,074 - [EVENT_LOGGER] - WARNING - Max active trades reached.
2026-01-10 10:26:26,074 - [EVENT_LOGGER] - WARNING - Max active trades reached.
2026-01-10 10:26:28,077 - [EVENT_LOGGER] - WARNING - Max active trades reached.
2026-01-10 10:26:28,078 - [EVENT_LOGGER] - WARNING - Max active trades reached.
2026-01-10 10:26:30,087 - [EVENT_LOGGER] - WARNING - Max active trades reached.
2026-01-10 10:26:30,088 - [EVENT_LOGGER] - WARNING - Max active trades reached.
2026-01-10 10:26:32,116 - [EVENT_LOGGER] - WARNING - Max active trades reached.
2026-01-10 10:26:32,118 - [EVENT_LOGGER] - WARNING - Max active trades reached.
2026-01-10 10:26:34,124 - [EVENT_LOGGER] - WARNING - Max active trades reached.
2026-01-10 10:26:34,125 - [EVENT_LOGGER] - WARNING - Max active trades reached.
2026-01-10 10:26:36,127 - [EVENT_LOGGER] - WARNING - Max active trades reached.
2026-01-10 10:26:38,135 - [EVENT_LOGGER] - WARNING - Max active trades reached.
2026-01-10 10:26:38,135 - [EVENT_LOGGER] - WARNING - Max active trades reached.
2026-01-10 10:26:40,139 - [EVENT_LOGGER] - WARNING - Max active trades reached.
2026-01-10 10:26:40,139 - [EVENT_LOGGER] - WARNING - Max active trades reached.
2026-01-10 10:26:40,139 - [EVENT_LOGGER] - WARNING - Max active trades reached.
2026-01-10 10:26:42,142 - [EVENT_LOGGER] - WARNING - Max active trades reached.
2026-01-10 10:26:44,145 - [EVENT_LOGGER] - WARNING - Max active trades reached.
2026-01-10 10:26:44,145 - [EVENT_LOGGER] - WARNING - Max active trades reached.
2026-01-10 10:26:46,154 - [EVENT_LOGGER] - WARNING - Max active trades reached.
2026-01-10 10:26:46,155 - [EVENT_LOGGER] - WARNING - Max active trades reached.
2026-01-10 10:26:46,157 - [EVENT_LOGGER] - WARNING - Max active trades reached.
2026-01-10 10:26:48,171 - [EVENT_LOGGER] - WARNING - Max active trades reached.
2026-01-10 10:26:50,177 - [EVENT_LOGGER] - WARNING - Max active trades reached.
2026-01-10 10:26:52,180 - [EVENT_LOGGER] - WARNING - Max active trades reached.
2026-01-10 10:26:52,180 - [EVENT_LOGGER] - WARNING - Max active trades reached.
2026-01-10 10:26:54,184 - [EVENT_LOGGER] - WARNING - Max active trades reached.
2026-01-10 10:26:54,185 - [EVENT_LOGGER] - WARNING - Max active trades reached.
2026-01-10 10:26:54,185 - [EVENT_LOGGER] - WARNING - Max active trades reached.
2026-01-10 10:26:56,195 - [EVENT_LOGGER] - WARNING - Max active trades reached.
2026-01-10 10:26:58,202 - [EVENT_LOGGER] - WARNING - Max active trades reached.
2026-01-10 10:26:58,202 - [EVENT_LOGGER] - WARNING - Max active trades reached.
2026-01-10 10:27:00,205 - [EVENT_LOGGER] - WARNING - Max active trades reached.
2026-01-10 10:27:00,205 - [EVENT_LOGGER] - WARNING - Max active trades reached.
2026-01-10 10:27:02,214 - [EVENT_LOGGER] - WARNING - Max active trades reached.
2026-01-10 10:27:02,214 - [EVENT_LOGGER] - WARNING - Max active trades reached.
2026-01-10 10:27:04,218 - [EVENT_LOGGER] - WARNING - Max active trades reached.
2026-01-10 10:27:04,218 - [EVENT_LOGGER] - WARNING - Max active trades reached.
2026-01-10 10:27:04,219 - [EVENT_LOGGER] - WARNING - Max active trades reached.
2026-01-10 10:27:06,222 - [EVENT_LOGGER] - WARNING - Max active trades reached.
2026-01-10 10:27:06,223 - [EVENT_LOGGER] - WARNING - Max active trades reached.
2026-01-10 10:27:08,226 - [EVENT_LOGGER] - WARNING - Max active trades reached.
2026-01-10 10:27:08,228 - [EVENT_LOGGER] - WARNING - Max active trades reached.
2026-01-10 10:27:10,233 - [EVENT_LOGGER] - WARNING - Max active trades reached.
2026-01-10 10:27:10,233 - [EVENT_LOGGER] - WARNING - Max active trades reached.
2026-01-10 10:27:12,238 - [EVENT_LOGGER] - WARNING - Max active trades reached.
2026-01-10 10:27:14,248 - [EVENT_LOGGER] - WARNING - Max active trades reached.
2026-01-10 10:27:14,251 - [EVENT_LOGGER] - WARNING - Max active trades reached.
2026-01-10 10:27:14,251 - [EVENT_LOGGER] - WARNING - Max active trades reached.
2026-01-10 10:27:16,254 - [EVENT_LOGGER] - WARNING - Max active trades reached.
2026-01-10 10:27:16,255 - [EVENT_LOGGER] - WARNING - Max active trades reached.
2026-01-10 10:27:16,255 - [EVENT_LOGGER] - WARNING - Max active trades reached.
2026-01-10 10:27:18,263 - [EVENT_LOGGER] - WARNING - Max active trades reached.
2026-01-10 10:27:18,263 - [EVENT_LOGGER] - WARNING - Max active trades reached.
2026-01-10 10:27:20,266 - [EVENT_LOGGER] - WARNING - Max active trades reached.
2026-01-10 10:27:20,267 - [EVENT_LOGGER] - WARNING - Max active trades reached.
2026-01-10 10:27:20,267 - [EVENT_LOGGER] - WARNING - Max active trades reached.
2026-01-10 10:27:22,274 - [EVENT_LOGGER] - WARNING - Max active trades reached.
2026-01-10 10:27:24,279 - [EVENT_LOGGER] - WARNING - Max active trades reached.
2026-01-10 10:27:24,280 - [EVENT_LOGGER] - WARNING - Max active trades reached.
2026-01-10 10:27:24,280 - [EVENT_LOGGER] - WARNING - Max active trades reached.
2026-01-10 10:27:26,283 - [EVENT_LOGGER] - WARNING - Max active trades reached.
2026-01-10 10:27:26,283 - [EVENT_LOGGER] - WARNING - Max active trades reached.
2026-01-10 10:27:28,288 - [EVENT_LOGGER] - WARNING - Max active trades reached.
2026-01-10 10:27:28,288 - [EVENT_LOGGER] - WARNING - Max active trades reached.
2026-01-10 10:27:30,292 - [EVENT_LOGGER] - WARNING - Max active trades reached.
2026-01-10 10:27:32,306 - [EVENT_LOGGER] - WARNING - Max active trades reached.
2026-01-10 10:27:32,306 - [EVENT_LOGGER] - WARNING - Max active trades reached.
2026-01-10 10:27:34,313 - [EVENT_LOGGER] - WARNING - Max active trades reached.
2026-01-10 10:27:34,313 - [EVENT_LOGGER] - WARNING - Max active trades reached.
2026-01-10 10:27:36,316 - [EVENT_LOGGER] - WARNING - Max active trades reached.
2026-01-10 10:27:36,317 - [EVENT_LOGGER] - WARNING - Max active trades reached.
2026-01-10 10:27:36,317 - [EVENT_LOGGER] - WARNING - Max active trades reached.
2026-01-10 10:27:38,324 - [EVENT_LOGGER] - WARNING - Max active trades reached.
2026-01-10 10:27:38,324 - [EVENT_LOGGER] - WARNING - Max active trades reached.
2026-01-10 10:27:38,324 - [EVENT_LOGGER] - WARNING - Max active trades reached.
2026-01-10 10:27:40,331 - [EVENT_LOGGER] - WARNING - Max active trades reached.
2026-01-10 10:27:40,331 - [EVENT_LOGGER] - WARNING - Max active trades reached.
2026-01-10 10:27:40,332 - [EVENT_LOGGER] - WARNING - Max active trades reached.
2026-01-10 10:27:42,335 - [EVENT_LOGGER] - WARNING - Max active trades reached.
2026-01-10 10:27:42,336 - [EVENT_LOGGER] - WARNING - Max active trades reached.
2026-01-10 10:27:44,342 - [EVENT_LOGGER] - WARNING - Max active trades reached.
2026-01-10 10:27:44,343 - [EVENT_LOGGER] - WARNING - Max active trades reached.
2026-01-10 10:27:44,343 - [EVENT_LOGGER] - WARNING - Max active trades reached.
2026-01-10 10:27:44,347 - [EVENT_LOGGER] - INFO - Trade Closed: TRD_1768040765_NIFTY | PnL: -250.56028447658537
2026-01-13 09:55:19,431 - [EVENT_LOGGER] - INFO - [SYSTEM READY] Paper trading live with TradingView data
2026-01-13 09:55:19,436 - [EVENT_LOGGER] - INFO - [PAPER] Trade Executed: TRD_1768298119_BTCUSDT @ 52248.02206987105
2026-01-13 09:55:21,438 - [EVENT_LOGGER] - INFO - [PAPER] Trade Executed: TRD_1768298121_NIFTY @ 24934.059462202487
2026-01-13 09:55:21,439 - [EVENT_LOGGER] - WARNING - Max active trades reached.
2026-01-13 09:55:23,442 - [EVENT_LOGGER] - WARNING - Max active trades reached.
2026-01-13 09:55:23,442 - [EVENT_LOGGER] - WARNING - Max active trades reached.
2026-01-13 09:55:23,443 - [EVENT_LOGGER] - WARNING - Max active trades reached.
2026-01-13 09:55:25,453 - [EVENT_LOGGER] - WARNING - Max active trades reached.
2026-01-13 09:55:27,458 - [EVENT_LOGGER] - WARNING - Max active trades reached.
2026-01-13 09:55:27,459 - [EVENT_LOGGER] - WARNING - Max active trades reached.
2026-01-13 09:55:27,459 - [EVENT_LOGGER] - WARNING - Max active trades reached.
2026-01-13 09:55:29,463 - [EVENT_LOGGER] - WARNING - Max active trades reached.
2026-01-13 09:55:29,464 - [EVENT_LOGGER] - WARNING - Max active trades reached.
2026-01-13 09:55:29,465 - [EVENT_LOGGER] - WARNING - Max active trades reached.
2026-01-13 09:55:31,473 - [EVENT_LOGGER] - WARNING - Max active trades reached.
2026-01-13 09:55:31,475 - [EVENT_LOGGER] - WARNING - Max active trades reached.
2026-01-13 09:55:33,481 - [EVENT_LOGGER] - WARNING - Max active trades reached.
2026-01-13 09:55:33,483 - [EVENT_LOGGER] - WARNING - Max active trades reached.
2026-01-13 09:55:35,489 - [EVENT_LOGGER] - WARNING - Max active trades reached.
2026-01-13 09:55:37,495 - [EVENT_LOGGER] - WARNING - Max active trades reached.
2026-01-13 09:55:37,499 - [EVENT_LOGGER] - WARNING - Max active trades reached.
2026-01-13 09:55:39,505 - [EVENT_LOGGER] - WARNING - Max active trades reached.
2026-01-13 09:55:39,508 - [EVENT_LOGGER] - WARNING - Max active trades reached.
2026-01-13 09:55:41,526 - [EVENT_LOGGER] - WARNING - Max active trades reached.
2026-01-13 09:55:43,532 - [EVENT_LOGGER] - WARNING - Max active trades reached.
2026-01-13 09:55:43,534 - [EVENT_LOGGER] - WARNING - Max active trades reached.
2026-01-13 09:55:45,537 - [EVENT_LOGGER] - WARNING - Max active trades reached.
2026-01-13 09:55:45,538 - [EVENT_LOGGER] - WARNING - Max active trades reached.
2026-01-13 09:55:45,538 - [EVENT_LOGGER] - WARNING - Max active trades reached.
2026-01-13 09:55:47,542 - [EVENT_LOGGER] - WARNING - Max active trades reached.
2026-01-13 09:55:47,543 - [EVENT_LOGGER] - WARNING - Max active trades reached.
2026-01-13 09:55:49,548 - [EVENT_LOGGER] - WARNING - Max active trades reached.
2026-01-13 09:55:51,562 - [EVENT_LOGGER] - WARNING - Max active trades reached.
2026-01-13 09:55:51,563 - [EVENT_LOGGER] - WARNING - Max active trades reached.
2026-01-13 09:55:51,563 - [EVENT_LOGGER] - WARNING - Max active trades reached.
2026-01-13 09:55:53,585 - [EVENT_LOGGER] - WARNING - Max active trades reached.
2026-01-13 09:55:55,612 - [EVENT_LOGGER] - WARNING - Max active trades reached.
2026-01-13 09:55:55,613 - [EVENT_LOGGER] - WARNING - Max active trades reached.
2026-01-13 09:55:57,617 - [EVENT_LOGGER] - WARNING - Max active trades reached.
2026-01-13 09:55:57,619 - [EVENT_LOGGER] - WARNING - Max active trades reached.
2026-01-13 09:55:59,624 - [EVENT_LOGGER] - WARNING - Max active trades reached.
2026-01-13 09:55:59,625 - [EVENT_LOGGER] - WARNING - Max active trades reached.
2026-01-13 09:56:01,633 - [EVENT_LOGGER] - WARNING - Max active trades reached.
2026-01-13 09:56:01,634 - [EVENT_LOGGER] - WARNING - Max active trades reached.
2026-01-13 09:56:03,643 - [EVENT_LOGGER] - WARNING - Max active trades reached.
2026-01-13 09:56:03,645 - [EVENT_LOGGER] - WARNING - Max active trades reached.
2026-01-13 09:56:05,650 - [EVENT_LOGGER] - WARNING - Max active trades reached.
2026-01-13 09:56:05,652 - [EVENT_LOGGER] - WARNING - Max active trades reached.
2026-01-13 09:56:05,653 - [EVENT_LOGGER] - WARNING - Max active trades reached.
2026-01-13 09:56:05,654 - [EVENT_LOGGER] - INFO - Trade Closed: TRD_1768298121_NIFTY | PnL: -267.40923167294386
